MyLogin/app/build/intermediates/manifest_merge_blame_file/debug/processDebugMainManifest/manifest-merger-blame-debug-report.txt
1<?xml version="1.0" encoding="utf-8"?>
2<manifest xmlns:android="http://schemas.android.com/apk/res/android"
3    package="com.example.mylogin"
4    android:versionCode="1"
5    android:versionName="1.0" >
6
7    <uses-sdk
8        android:minSdkVersion="24"
9        android:targetSdkVersion="34" />
10
11    <uses-permission android:name="android.permission.INTERNET" />
11-->[com.google.firebase:firebase-auth:22.3.1] AndroidManifest.xml:25:5-67
11-->[com.google.firebase:firebase-auth:22.3.1] AndroidManifest.xml:25:22-64
12    <uses-permission android:name="android.permission.ACCESS_NETWORK_STATE" />
12-->[com.google.firebase:firebase-auth:22.3.1] AndroidManifest.xml:26:5-79
12-->[com.google.firebase:firebase-auth:22.3.1] AndroidManifest.xml:26:22-76
13    <uses-permission android:name="com.google.android.providers.gsf.permission.READ_GSERVICES" />
13-->[com.google.android.recaptcha:recaptcha:18.4.0] AndroidManifest.xml:9:5-98
13-->[com.google.android.recaptcha:recaptcha:18.4.0] AndroidManifest.xml:9:22-95
14
15    <permission
15-->[androidx.core:core:1.10.1] AndroidManifest.xml:22:5-24:47
16        android:name="com.example.mylogin.DYNAMIC_RECEIVER_NOT_EXPORTED_PERMISSION"
16-->[androidx.core:core:1.10.1] AndroidManifest.xml:23:9-81
17        android:protectionLevel="signature" />
17-->[androidx.core:core:1.10.1] AndroidManifest.xml:24:9-44
18
19    <uses-permission android:name="com.example.mylogin.DYNAMIC_RECEIVER_NOT_EXPORTED_PERMISSION" />
19-->[androidx.core:core:1.10.1] AndroidManifest.xml:26:5-97
19-->[androidx.core:core:1.10.1] AndroidManifest.xml:26:22-94
20
21    <application
21-->src\main\AndroidManifest.xml:5:5-34:19
22        android:allowBackup="true"
22-->src\main\AndroidManifest.xml:6:9-35
23        android:appComponentFactory="androidx.core.app.CoreComponentFactory"
23-->[androidx.core:core:1.10.1] AndroidManifest.xml:28:18-86
24        android:dataExtractionRules="@xml/data_extraction_rules"
24-->src\main\AndroidManifest.xml:7:9-65
25        android:debuggable="true"
26        android:extractNativeLibs="false"
27        android:fullBackupContent="@xml/backup_rules"
27-->src\main\AndroidManifest.xml:8:9-54
28        android:icon="@mipmap/ic_launcher"
28-->src\main\AndroidManifest.xml:9:9-43
29        android:label="@string/app_name"
29-->src\main\AndroidManifest.xml:10:9-41
30        android:roundIcon="@mipmap/ic_launcher_round"
30-->src\main\AndroidManifest.xml:11:9-54
31        android:supportsRtl="true"
31-->src\main\AndroidManifest.xml:12:9-35
32        android:testOnly="true"
33        android:theme="@style/Theme.MyLogin" >
33-->src\main\AndroidManifest.xml:13:9-45
34        <activity
34-->src\main\AndroidManifest.xml:15:9-17:40
35            android:name="com.example.mylogin.OTPActivity"
35-->src\main\AndroidManifest.xml:16:13-40
36            android:exported="false" />
36-->src\main\AndroidManifest.xml:17:13-37
37        <activity
37-->src\main\AndroidManifest.xml:18:9-20:40
38            android:name="com.example.mylogin.SignUpActivity"
38-->src\main\AndroidManifest.xml:19:13-43
39            android:exported="false" />
39-->src\main\AndroidManifest.xml:20:13-37
40        <activity
40-->src\main\AndroidManifest.xml:21:9-24:54
41            android:name="com.example.mylogin.SplashMainActivity"
41-->src\main\AndroidManifest.xml:22:13-47
42            android:exported="false"
42-->src\main\AndroidManifest.xml:23:13-37
43            android:theme="@style/SplashMainTheme" />
43-->src\main\AndroidManifest.xml:24:13-51
44        <activity
44-->src\main\AndroidManifest.xml:25:9-33:20
45            android:name="com.example.mylogin.MainActivity"
45-->src\main\AndroidManifest.xml:26:13-41
46            android:exported="true" >
46-->src\main\AndroidManifest.xml:27:13-36
47            <intent-filter>
47-->src\main\AndroidManifest.xml:28:13-32:29
48                <action android:name="android.intent.action.MAIN" />
48-->src\main\AndroidManifest.xml:29:17-69
48-->src\main\AndroidManifest.xml:29:25-66
49
50                <category android:name="android.intent.category.LAUNCHER" />
50-->src\main\AndroidManifest.xml:31:17-77
50-->src\main\AndroidManifest.xml:31:27-74
51            </intent-filter>
52        </activity>
53        <activity
53-->[com.google.firebase:firebase-auth:22.3.1] AndroidManifest.xml:29:9-46:20
54            android:name="com.google.firebase.auth.internal.GenericIdpActivity"
54-->[com.google.firebase:firebase-auth:22.3.1] AndroidManifest.xml:30:13-80
55            android:excludeFromRecents="true"
55-->[com.google.firebase:firebase-auth:22.3.1] AndroidManifest.xml:31:13-46
56            android:exported="true"
56-->[com.google.firebase:firebase-auth:22.3.1] AndroidManifest.xml:32:13-36
57            android:launchMode="singleTask"
57-->[com.google.firebase:firebase-auth:22.3.1] AndroidManifest.xml:33:13-44
58            android:theme="@android:style/Theme.Translucent.NoTitleBar" >
58-->[com.google.firebase:firebase-auth:22.3.1] AndroidManifest.xml:34:13-72
59            <intent-filter>
59-->[com.google.firebase:firebase-auth:22.3.1] AndroidManifest.xml:35:13-45:29
60                <action android:name="android.intent.action.VIEW" />
60-->[com.google.firebase:firebase-auth:22.3.1] AndroidManifest.xml:36:17-69
60-->[com.google.firebase:firebase-auth:22.3.1] AndroidManifest.xml:36:25-66
61
62                <category android:name="android.intent.category.DEFAULT" />
62-->[com.google.firebase:firebase-auth:22.3.1] AndroidManifest.xml:38:17-76
62-->[com.google.firebase:firebase-auth:22.3.1] AndroidManifest.xml:38:27-73
63                <category android:name="android.intent.category.BROWSABLE" />
63-->[com.google.firebase:firebase-auth:22.3.1] AndroidManifest.xml:39:17-78
63-->[com.google.firebase:firebase-auth:22.3.1] AndroidManifest.xml:39:27-75
64
65                <data
65-->[com.google.firebase:firebase-auth:22.3.1] AndroidManifest.xml:41:17-44:51
66                    android:host="firebase.auth"
66-->[com.google.firebase:firebase-auth:22.3.1] AndroidManifest.xml:42:21-49
67                    android:path="/"
67-->[com.google.firebase:firebase-auth:22.3.1] AndroidManifest.xml:43:21-37
68                    android:scheme="genericidp" />
68-->[com.google.firebase:firebase-auth:22.3.1] AndroidManifest.xml:44:21-48
69            </intent-filter>
70        </activity>
71        <activity
71-->[com.google.firebase:firebase-auth:22.3.1] AndroidManifest.xml:47:9-64:20
72            android:name="com.google.firebase.auth.internal.RecaptchaActivity"
72-->[com.google.firebase:firebase-auth:22.3.1] AndroidManifest.xml:48:13-79
73            android:excludeFromRecents="true"
73-->[com.google.firebase:firebase-auth:22.3.1] AndroidManifest.xml:49:13-46
74            android:exported="true"
74-->[com.google.firebase:firebase-auth:22.3.1] AndroidManifest.xml:50:13-36
75            android:launchMode="singleTask"
75-->[com.google.firebase:firebase-auth:22.3.1] AndroidManifest.xml:51:13-44
76            android:theme="@android:style/Theme.Translucent.NoTitleBar" >
76-->[com.google.firebase:firebase-auth:22.3.1] AndroidManifest.xml:52:13-72
77            <intent-filter>
77-->[com.google.firebase:firebase-auth:22.3.1] AndroidManifest.xml:53:13-63:29
78                <action android:name="android.intent.action.VIEW" />
78-->[com.google.firebase:firebase-auth:22.3.1] AndroidManifest.xml:36:17-69
78-->[com.google.firebase:firebase-auth:22.3.1] AndroidManifest.xml:36:25-66
79
80                <category android:name="android.intent.category.DEFAULT" />
80-->[com.google.firebase:firebase-auth:22.3.1] AndroidManifest.xml:38:17-76
80-->[com.google.firebase:firebase-auth:22.3.1] AndroidManifest.xml:38:27-73
81                <category android:name="android.intent.category.BROWSABLE" />
81-->[com.google.firebase:firebase-auth:22.3.1] AndroidManifest.xml:39:17-78
81-->[com.google.firebase:firebase-auth:22.3.1] AndroidManifest.xml:39:27-75
82
83                <data
83-->[com.google.firebase:firebase-auth:22.3.1] AndroidManifest.xml:41:17-44:51
84                    android:host="firebase.auth"
84-->[com.google.firebase:firebase-auth:22.3.1] AndroidManifest.xml:42:21-49
85                    android:path="/"
85-->[com.google.firebase:firebase-auth:22.3.1] AndroidManifest.xml:43:21-37
86                    android:scheme="recaptcha" />
86-->[com.google.firebase:firebase-auth:22.3.1] AndroidManifest.xml:44:21-48
87            </intent-filter>
88        </activity>
89
90        <service
90-->[com.google.firebase:firebase-auth:22.3.1] AndroidManifest.xml:66:9-72:19
91            android:name="com.google.firebase.components.ComponentDiscoveryService"
91-->[com.google.firebase:firebase-auth:22.3.1] AndroidManifest.xml:67:13-84
92            android:directBootAware="true"
92-->[com.google.firebase:firebase-common:20.4.2] AndroidManifest.xml:32:13-43
93            android:exported="false" >
93-->[com.google.firebase:firebase-auth:22.3.1] AndroidManifest.xml:68:13-37
94            <meta-data
94-->[com.google.firebase:firebase-auth:22.3.1] AndroidManifest.xml:69:13-71:85
95                android:name="com.google.firebase.components:com.google.firebase.auth.FirebaseAuthRegistrar"
95-->[com.google.firebase:firebase-auth:22.3.1] AndroidManifest.xml:70:17-109
96                android:value="com.google.firebase.components.ComponentRegistrar" />
96-->[com.google.firebase:firebase-auth:22.3.1] AndroidManifest.xml:71:17-82
97            <meta-data
97-->[com.google.firebase:firebase-common-ktx:20.4.2] AndroidManifest.xml:12:13-14:85
98                android:name="com.google.firebase.components:com.google.firebase.ktx.FirebaseCommonLegacyRegistrar"
98-->[com.google.firebase:firebase-common-ktx:20.4.2] AndroidManifest.xml:13:17-116
99                android:value="com.google.firebase.components.ComponentRegistrar" />
99-->[com.google.firebase:firebase-common-ktx:20.4.2] AndroidManifest.xml:14:17-82
100            <meta-data
100-->[com.google.firebase:firebase-common:20.4.2] AndroidManifest.xml:35:13-37:85
101                android:name="com.google.firebase.components:com.google.firebase.FirebaseCommonKtxRegistrar"
101-->[com.google.firebase:firebase-common:20.4.2] AndroidManifest.xml:36:17-109
102                android:value="com.google.firebase.components.ComponentRegistrar" />
102-->[com.google.firebase:firebase-common:20.4.2] AndroidManifest.xml:37:17-82
103        </service>
104
105        <provider
105-->[com.google.firebase:firebase-common:20.4.2] AndroidManifest.xml:23:9-28:39
106            android:name="com.google.firebase.provider.FirebaseInitProvider"
106-->[com.google.firebase:firebase-common:20.4.2] AndroidManifest.xml:24:13-77
107            android:authorities="com.example.mylogin.firebaseinitprovider"
107-->[com.google.firebase:firebase-common:20.4.2] AndroidManifest.xml:25:13-72
108            android:directBootAware="true"
108-->[com.google.firebase:firebase-common:20.4.2] AndroidManifest.xml:26:13-43
109            android:exported="false"
109-->[com.google.firebase:firebase-common:20.4.2] AndroidManifest.xml:27:13-37
110            android:initOrder="100" />
110-->[com.google.firebase:firebase-common:20.4.2] AndroidManifest.xml:28:13-36
111
112        <activity
112-->[com.google.android.gms:play-services-base:18.0.1] AndroidManifest.xml:20:9-22:45
113            android:name="com.google.android.gms.common.api.GoogleApiActivity"
113-->[com.google.android.gms:play-services-base:18.0.1] AndroidManifest.xml:20:19-85
114            android:exported="false"
114-->[com.google.android.gms:play-services-base:18.0.1] AndroidManifest.xml:22:19-43
115            android:theme="@android:style/Theme.Translucent.NoTitleBar" />
115-->[com.google.android.gms:play-services-base:18.0.1] AndroidManifest.xml:21:19-78
116
117        <meta-data
117-->[com.google.android.gms:play-services-basement:18.1.0] AndroidManifest.xml:21:9-23:69
118            android:name="com.google.android.gms.version"
118-->[com.google.android.gms:play-services-basement:18.1.0] AndroidManifest.xml:22:13-58
119            android:value="@integer/google_play_services_version" />
119-->[com.google.android.gms:play-services-basement:18.1.0] AndroidManifest.xml:23:13-66
120
121        <provider
121-->[androidx.emoji2:emoji2:1.2.0] AndroidManifest.xml:24:9-32:20
122            android:name="androidx.startup.InitializationProvider"
122-->[androidx.emoji2:emoji2:1.2.0] AndroidManifest.xml:25:13-67
123            android:authorities="com.example.mylogin.androidx-startup"
123-->[androidx.emoji2:emoji2:1.2.0] AndroidManifest.xml:26:13-68
124            android:exported="false" >
124-->[androidx.emoji2:emoji2:1.2.0] AndroidManifest.xml:27:13-37
125            <meta-data
125-->[androidx.emoji2:emoji2:1.2.0] AndroidManifest.xml:29:13-31:52
126                android:name="androidx.emoji2.text.EmojiCompatInitializer"
126-->[androidx.emoji2:emoji2:1.2.0] AndroidManifest.xml:30:17-75
127                android:value="androidx.startup" />
127-->[androidx.emoji2:emoji2:1.2.0] AndroidManifest.xml:31:17-49
128            <meta-data
128-->[androidx.lifecycle:lifecycle-process:2.6.1] AndroidManifest.xml:29:13-31:52
129                android:name="androidx.lifecycle.ProcessLifecycleInitializer"
129-->[androidx.lifecycle:lifecycle-process:2.6.1] AndroidManifest.xml:30:17-78
130                android:value="androidx.startup" />
130-->[androidx.lifecycle:lifecycle-process:2.6.1] AndroidManifest.xml:31:17-49
131            <meta-data
131-->[androidx.profileinstaller:profileinstaller:1.3.0] AndroidManifest.xml:29:13-31:52
132                android:name="androidx.profileinstaller.ProfileInstallerInitializer"
132-->[androidx.profileinstaller:profileinstaller:1.3.0] AndroidManifest.xml:30:17-85
133                android:value="androidx.startup" />
133-->[androidx.profileinstaller:profileinstaller:1.3.0] AndroidManifest.xml:31:17-49
134        </provider>
135
136        <receiver
136-->[androidx.profileinstaller:profileinstaller:1.3.0] AndroidManifest.xml:34:9-52:20
137            android:name="androidx.profileinstaller.ProfileInstallReceiver"
137-->[androidx.profileinstaller:profileinstaller:1.3.0] AndroidManifest.xml:35:13-76
138            android:directBootAware="false"
138-->[androidx.profileinstaller:profileinstaller:1.3.0] AndroidManifest.xml:36:13-44
139            android:enabled="true"
139-->[androidx.profileinstaller:profileinstaller:1.3.0] AndroidManifest.xml:37:13-35
140            android:exported="true"
140-->[androidx.profileinstaller:profileinstaller:1.3.0] AndroidManifest.xml:38:13-36
141            android:permission="android.permission.DUMP" >
141-->[androidx.profileinstaller:profileinstaller:1.3.0] AndroidManifest.xml:39:13-57
142            <intent-filter>
142-->[androidx.profileinstaller:profileinstaller:1.3.0] AndroidManifest.xml:40:13-42:29
143                <action android:name="androidx.profileinstaller.action.INSTALL_PROFILE" />
143-->[androidx.profileinstaller:profileinstaller:1.3.0] AndroidManifest.xml:41:17-91
143-->[androidx.profileinstaller:profileinstaller:1.3.0] AndroidManifest.xml:41:25-88
144            </intent-filter>
145            <intent-filter>
145-->[androidx.profileinstaller:profileinstaller:1.3.0] AndroidManifest.xml:43:13-45:29
146                <action android:name="androidx.profileinstaller.action.SKIP_FILE" />
146-->[androidx.profileinstaller:profileinstaller:1.3.0] AndroidManifest.xml:44:17-85
146-->[androidx.profileinstaller:profileinstaller:1.3.0] AndroidManifest.xml:44:25-82
147            </intent-filter>
148            <intent-filter>
148-->[androidx.profileinstaller:profileinstaller:1.3.0] AndroidManifest.xml:46:13-48:29
149                <action android:name="androidx.profileinstaller.action.SAVE_PROFILE" />
149-->[androidx.profileinstaller:profileinstaller:1.3.0] AndroidManifest.xml:47:17-88
149-->[androidx.profileinstaller:profileinstaller:1.3.0] AndroidManifest.xml:47:25-85
150            </intent-filter>
151            <intent-filter>
151-->[androidx.profileinstaller:profileinstaller:1.3.0] AndroidManifest.xml:49:13-51:29
152                <action android:name="androidx.profileinstaller.action.BENCHMARK_OPERATION" />
152-->[androidx.profileinstaller:profileinstaller:1.3.0] AndroidManifest.xml:50:17-95
152-->[androidx.profileinstaller:profileinstaller:1.3.0] AndroidManifest.xml:50:25-92
153            </intent-filter>
154        </receiver>
155    </application>
156
157</manifest>